<?xml version="1.0" encoding="UTF-8"?>
<!-- Generated by org.testng.reporters.JUnitReportReporter -->
<testsuite skipped="0" hostname="Bhaskar" name="com.qspiders.google.scripts.LinkedInProfilePic" tests="1" failures="0" timestamp="2020-01-05T18:40:40 IST" time="25.086" errors="0">
  <testcase name="googleSearch" time="25.086" classname="com.qspiders.google.scripts.LinkedInProfilePic"/>
</testsuite> <!-- com.qspiders.google.scripts.LinkedInProfilePic -->
