<?xml version="1.0" encoding="UTF-8"?>
<!-- Generated by org.testng.reporters.JUnitReportReporter -->
<testsuite skipped="0" hostname="Bhaskar" name="com.qspiders.google.scripts.GetProfilePic" tests="1" failures="0" timestamp="2020-01-07T21:13:02 IST" time="35.012" errors="0">
  <testcase name="getLinkedInProfilePic" time="35.012" classname="com.qspiders.google.scripts.GetProfilePic"/>
</testsuite> <!-- com.qspiders.google.scripts.GetProfilePic -->
