<?xml version="1.0" encoding="UTF-8"?>
<!-- Generated by org.testng.reporters.JUnitReportReporter -->
<testsuite skipped="0" hostname="Bhaskar" name="com.qspiders.google.scripts.GoogleSearchText" tests="1" failures="0" timestamp="2020-01-05T18:14:07 IST" time="17.139" errors="0">
  <testcase name="googleSearch" time="17.139" classname="com.qspiders.google.scripts.GoogleSearchText"/>
</testsuite> <!-- com.qspiders.google.scripts.GoogleSearchText -->
